DEBUG: Using PENTAHO_JAVA_HOME
DEBUG: _PENTAHO_JAVA_HOME=C:\Program Files\Java\jdk1.8.0_65
DEBUG: _PENTAHO_JAVA=C:\Program Files\Java\jdk1.8.0_65\bin\java.exe
2016/06/21 15:25:25 - Kitchen - Logging is at level : Basic logging
2016/06/21 15:25:25 - Kitchen - Start of run.
2016/06/21 15:25:25 - ConfigureRepositoryJob - Start of job execution
2016/06/21 15:25:25 - ConfigureRepositoryJob - Starting entry [ReadFiles]
2016/06/21 15:25:25 - ReadFiles - Loading transformation from XML file [file:///C:/Users/cmorehouse/Documents/RepositoryConfigurationProject/RepositoryConfigurationUtility_5.x/engine/transformations/ReadFiles.ktr]
2016/06/21 15:25:25 - ReadFiles - Dispatching started for transformation [ReadFiles]
2016/06/21 15:25:25 - Property Input.0 - Finished processing (I=19, O=0, R=0, W=19, U=0, E=0)
2016/06/21 15:25:25 - Add constants.0 - Finished processing (I=0, O=0, R=19, W=19, U=0, E=0)
2016/06/21 15:25:25 - Row denormaliser.0 - Finished processing (I=0, O=0, R=19, W=1, U=0, E=0)
2016/06/21 15:25:25 - Replace in string.0 - Finished processing (I=0, O=0, R=1, W=1, U=0, E=0)
2016/06/21 15:25:25 - String operations.0 - Finished processing (I=0, O=0, R=1, W=1, U=0, E=0)
2016/06/21 15:25:25 - CreateFilePaths.0 - Optimization level set to 9.
2016/06/21 15:25:26 - Set Variables.0 - Setting environment variables...
2016/06/21 15:25:26 - Set Variables.0 - Set variable var_quartzProperties to value [C:/PentahoArchiveBuilds/ba_server/5.4/biserver-ee/pentaho-solutions/system/quartz/quartz.properties]
2016/06/21 15:25:26 - Set Variables.0 - Set variable var_hibernateSettings to value [C:/PentahoArchiveBuilds/ba_server/5.4/biserver-ee/pentaho-solutions/system/hibernate/hibernate-settings.xml]
2016/06/21 15:25:26 - Set Variables.0 - Set variable var_hibernateCfg to value [C:/PentahoArchiveBuilds/ba_server/5.4/biserver-ee/pentaho-solutions/system/hibernate/postgresql.hibernate.cfg.xml]
2016/06/21 15:25:26 - Set Variables.0 - Set variable var_hibernateCfgFile to value [postgresql.hibernate.cfg.xml]
2016/06/21 15:25:26 - Set Variables.0 - Set variable var_jackrabbitRepository to value [C:/PentahoArchiveBuilds/ba_server/5.4/biserver-ee/pentaho-solutions/system/jackrabbit/repository.xml]
2016/06/21 15:25:26 - Set Variables.0 - Set variable var_contextFile to value [C:/PentahoArchiveBuilds/ba_server/5.4/biserver-ee/tomcat/webapps/pentaho/META-INF/context.xml]
2016/06/21 15:25:26 - Set Variables.0 - Set variable var_contextCache to value [C:/PentahoArchiveBuilds/ba_server/5.4/biserver-ee/tomcat/conf/Catalina/localhost/pentaho.xml]
2016/06/21 15:25:26 - Set Variables.0 - Set variable var_tomcatStartupWindows to value [C:/PentahoArchiveBuilds/ba_server/5.4/biserver-ee/tomcat/bin/startup.bat]
2016/06/21 15:25:26 - Set Variables.0 - Set variable var_tomcatStartupLinux to value [C:/PentahoArchiveBuilds/ba_server/5.4/biserver-ee/tomcat/bin/startup.sh]
2016/06/21 15:25:26 - Set Variables.0 - Set variable var_jackrabbitCache to value [C:/PentahoArchiveBuilds/ba_server/5.4/biserver-ee/pentaho-solutions/system/jackrabbit/repository]
2016/06/21 15:25:26 - Set Variables.0 - Set variable var_updatedTomcatStartupWindows to value [Tomcat Startup Scripts/startup.bat]
2016/06/21 15:25:26 - Set Variables.0 - Set variable var_updatedTomcatStartupLinux to value [Tomcat Startup Scripts/startup.sh]
2016/06/21 15:25:26 - Set Variables.0 - Set variable var_applicationContextSpringSecurityHibernate to value [C:/PentahoArchiveBuilds/ba_server/5.4/biserver-ee/pentaho-solutions/system/dialects/postgresql/applicationContext-spring-security-hibernate.properties]
2016/06/21 15:25:26 - Set Variables.0 - Set variable var_auditSQL to value [C:/PentahoArchiveBuilds/ba_server/5.4/biserver-ee/pentaho-solutions/system/dialects/postgresql/audit_sql.xml]
2016/06/21 15:25:26 - Set Variables.0 - Set variable var_SolutionsDirectory to value [C:/PentahoArchiveBuilds/ba_server/5.4/biserver-ee/pentaho-solutions]
2016/06/21 15:25:26 - Set Variables.0 - Set variable var_backupFolder to value [ba_server]
2016/06/21 15:25:26 - CreateFilePaths.0 - Finished processing (I=0, O=0, R=1, W=2, U=0, E=0)
2016/06/21 15:25:26 - Set Variables.0 - Finished after 1 rows.
2016/06/21 15:25:26 - Copy rows to result.0 - Finished processing (I=0, O=0, R=1, W=1, U=0, E=0)
2016/06/21 15:25:26 - Set Variables.0 - Finished processing (I=0, O=0, R=1, W=1, U=0, E=0)
2016/06/21 15:25:26 - ConfigureRepositoryJob - Starting entry [backup of quartz.properties exist?]
2016/06/21 15:25:26 - ConfigureRepositoryJob - Starting entry [backup of hibernate-settings.xml exists?]
2016/06/21 15:25:26 - ConfigureRepositoryJob - Starting entry [backup of hibernate.cfg.xml exists?]
2016/06/21 15:25:26 - ConfigureRepositoryJob - Starting entry [backup of repository.xml exists?]
2016/06/21 15:25:26 - ConfigureRepositoryJob - Starting entry [backup of context.xml exists?]
2016/06/21 15:25:26 - ConfigureRepositoryJob - Starting entry [backup of startup.bat exists? ]
2016/06/21 15:25:26 - ConfigureRepositoryJob - Starting entry [backup of startup.sh exists?]
2016/06/21 15:25:26 - ConfigureRepositoryJob - Starting entry [backup of applicationContext-spring-security-hibernate.properties exists?]
2016/06/21 15:25:26 - ConfigureRepositoryJob - Starting entry [Delete context.xml cache]
2016/06/21 15:25:26 - backup of quartz.properties exist? - File [C:/PentahoArchiveBuilds/ba_server/5.4/biserver-ee/tomcat/conf/Catalina/localhost/pentaho.xml] deleted!
2016/06/21 15:25:26 - ConfigureRepositoryJob - Starting entry [Delete jackrabbit cache]
2016/06/21 15:25:26 - ConfigureRepositoryJob - Starting entry [MoveUpdatedTomcatStartupFiles]
2016/06/21 15:25:26 - backup of quartz.properties exist? - Starting ...
2016/06/21 15:25:26 - backup of quartz.properties exist? - Processing row source File/folder source : [${Internal.Job.Filename.Directory}/../${var_updatedTomcatStartupLinux}] ... destination file/folder : [${var_tomcatStartupLinux}]... wildcard : [null]
2016/06/21 15:25:26 - backup of quartz.properties exist? - Processing row source File/folder source : [${Internal.Job.Filename.Directory}/../${var_updatedTomcatStartupWindows}] ... destination file/folder : [${var_tomcatStartupWindows}]... wildcard : [null]
2016/06/21 15:25:26 - ConfigureRepositoryJob - Starting entry [Move audit_sql.xml]
2016/06/21 15:25:26 - backup of quartz.properties exist? - Starting ...
2016/06/21 15:25:26 - backup of quartz.properties exist? - Processing row source File/folder source : [${var_auditSQL}] ... destination file/folder : [${var_SolutionsDirectory}/system]... wildcard : [null]
2016/06/21 15:25:26 - ConfigureRepositoryJob - Starting entry [ChangeFiles]
2016/06/21 15:25:26 - ChangeFiles - Loading transformation from XML file [file:///C:/Users/cmorehouse/Documents/RepositoryConfigurationProject/RepositoryConfigurationUtility_5.x/engine/transformations/ChangeFiles.ktr]
2016/06/21 15:25:26 - ChangeFiles - Dispatching started for transformation [ChangeFiles]
2016/06/21 15:25:26 - Get rows from result.0 - Finished processing (I=0, O=0, R=1, W=1, U=0, E=0)
2016/06/21 15:25:26 - Create context.xml.0 - Optimization level set to 9.
2016/06/21 15:25:26 - Create hibernate-settings.xml.0 - Optimization level set to 9.
2016/06/21 15:25:26 - Create context.xml.0 - Finished processing (I=0, O=0, R=1, W=1, U=0, E=0)
2016/06/21 15:25:26 - Create hibernate.cfg.xml.0 - Optimization level set to 9.
2016/06/21 15:25:26 - Create hibernate-settings.xml.0 - Finished processing (I=0, O=0, R=1, W=1, U=0, E=0)
2016/06/21 15:25:26 - Create hibernate.cfg.xml.0 - Finished processing (I=0, O=0, R=1, W=1, U=0, E=0)
2016/06/21 15:25:26 - Create repository.xml.0 - Optimization level set to 9.
2016/06/21 15:25:26 - Create repository.xml.0 - Finished processing (I=0, O=0, R=1, W=1, U=0, E=0)
2016/06/21 15:25:26 - Write repository.xml.0 - Finished processing (I=0, O=1, R=1, W=1, U=0, E=0)
2016/06/21 15:25:26 - Create quartz.properties.0 - Finished processing (I=0, O=1, R=1, W=1, U=0, E=0)
2016/06/21 15:25:26 - Write hibernate-settings.xml.0 - Finished processing (I=0, O=1, R=1, W=1, U=0, E=0)
2016/06/21 15:25:26 - Write context.xml.0 - Finished processing (I=0, O=1, R=1, W=1, U=0, E=0)
2016/06/21 15:25:26 - Write hibernate.cfg.xml.0 - Finished processing (I=0, O=1, R=1, W=1, U=0, E=0)
2016/06/21 15:25:26 - Add constants.0 - Finished processing (I=0, O=0, R=1, W=1, U=0, E=0)
2016/06/21 15:25:26 - ApplicationContextUrl.0 - Finished processing (I=0, O=1, R=1, W=1, U=0, E=0)
2016/06/21 15:25:26 - Block this step until steps finish.0 - Finished processing (I=0, O=0, R=1, W=1, U=0, E=0)
2016/06/21 15:25:26 - ApplicationContextUsername.0 - Finished processing (I=0, O=1, R=1, W=1, U=0, E=0)
2016/06/21 15:25:26 - Block this step until steps finish 2.0 - Finished processing (I=0, O=0, R=1, W=1, U=0, E=0)
2016/06/21 15:25:26 - ApplicationContextPassword.0 - Finished processing (I=0, O=1, R=1, W=1, U=0, E=0)
2016/06/21 15:25:26 - ConfigureRepositoryJob - Starting entry [Copy edited applicationContext-spring-security-hibernate.properties]
2016/06/21 15:25:26 - backup of quartz.properties exist? - Starting ...
2016/06/21 15:25:26 - backup of quartz.properties exist? - Processing row source File/folder source : [${var_applicationContextSpringSecurityHibernate}] ... destination file/folder : [${var_SolutionsDirectory}/system]... wildcard : [null]
2016/06/21 15:25:26 - ConfigureRepositoryJob - Finished job entry [Copy edited applicationContext-spring-security-hibernate.properties] (result=[true])
2016/06/21 15:25:26 - ConfigureRepositoryJob - Finished job entry [ChangeFiles] (result=[true])
2016/06/21 15:25:26 - ConfigureRepositoryJob - Finished job entry [Move audit_sql.xml] (result=[true])
2016/06/21 15:25:26 - ConfigureRepositoryJob - Finished job entry [MoveUpdatedTomcatStartupFiles] (result=[true])
2016/06/21 15:25:26 - ConfigureRepositoryJob - Finished job entry [Delete jackrabbit cache] (result=[true])
2016/06/21 15:25:26 - ConfigureRepositoryJob - Finished job entry [Delete context.xml cache] (result=[true])
2016/06/21 15:25:26 - ConfigureRepositoryJob - Finished job entry [backup of applicationContext-spring-security-hibernate.properties exists?] (result=[true])
2016/06/21 15:25:26 - ConfigureRepositoryJob - Finished job entry [backup of startup.sh exists?] (result=[true])
2016/06/21 15:25:26 - ConfigureRepositoryJob - Finished job entry [backup of startup.bat exists? ] (result=[true])
2016/06/21 15:25:26 - ConfigureRepositoryJob - Finished job entry [backup of context.xml exists?] (result=[true])
2016/06/21 15:25:26 - ConfigureRepositoryJob - Finished job entry [backup of repository.xml exists?] (result=[true])
2016/06/21 15:25:26 - ConfigureRepositoryJob - Finished job entry [backup of hibernate.cfg.xml exists?] (result=[true])
2016/06/21 15:25:26 - ConfigureRepositoryJob - Finished job entry [backup of hibernate-settings.xml exists?] (result=[true])
2016/06/21 15:25:26 - ConfigureRepositoryJob - Finished job entry [backup of quartz.properties exist?] (result=[true])
2016/06/21 15:25:26 - ConfigureRepositoryJob - Finished job entry [ReadFiles] (result=[true])
2016/06/21 15:25:26 - ConfigureRepositoryJob - Job execution finished
2016/06/21 15:25:26 - Kitchen - Finished!
2016/06/21 15:25:26 - Kitchen - Start=2016/06/21 15:25:25.413, Stop=2016/06/21 15:25:26.664
2016/06/21 15:25:26 - Kitchen - Processing ended after 1 seconds.
